<?xml version="1.0" encoding="UTF-8"?>
<!-- Generated by org.testng.reporters.JUnitXMLReporter -->
<testsuite ignored="0" hostname="AZNEWCEMMFA18" failures="0" tests="4" name="Surefire test" time="5.492" errors="0" timestamp="2024-12-05T08:33:42 UTC">
  <testcase classname="api_tests.userTests" name="testUser" time="3.456"/>
  <testcase classname="api_tests.userTests" name="testGetUserByName" time="0.44"/>
  <testcase classname="api_tests.userTests" name="testputUser" time="0.775"/>
  <testcase classname="api_tests.userTests" name="testdeletebyUser" time="0.375"/>
</testsuite> <!-- Surefire test -->
