<?xml version="1.0" encoding="UTF-8"?>
<!-- Generated by org.testng.reporters.JUnitXMLReporter -->
<testsuite ignored="0" hostname="AZNEWCEMMFA18" failures="0" tests="4" name="Default test" time="5.93" errors="0" timestamp="2024-12-05T07:27:56 UTC">
  <testcase classname="api_tests.userTests_forPropertyfile" name="testUser" time="3.833"/>
  <testcase classname="api_tests.userTests_forPropertyfile" name="testGetUserByName" time="0.44"/>
  <testcase classname="api_tests.userTests_forPropertyfile" name="testputUser" time="0.739"/>
  <testcase classname="api_tests.userTests_forPropertyfile" name="testdeletebyUser" time="0.365"/>
</testsuite> <!-- Default test -->
