<?xml version="1.0" encoding="UTF-8"?>
<!-- Generated by org.testng.reporters.JUnitXMLReporter -->
<testsuite ignored="0" hostname="AZNEWCEMMFA18" failures="0" tests="4" name="Test" time="5.68" errors="0" timestamp="2024-12-05T07:28:15 UTC">
  <testcase classname="api_tests.userTests_forPropertyfile" name="testUser" time="3.691"/>
  <testcase classname="api_tests.userTests_forPropertyfile" name="testGetUserByName" time="0.415"/>
  <testcase classname="api_tests.userTests_forPropertyfile" name="testputUser" time="0.748"/>
  <testcase classname="api_tests.userTests_forPropertyfile" name="testdeletebyUser" time="0.372"/>
</testsuite> <!-- Test -->
