<?xml version="1.0" encoding="UTF-8"?>
<testng-results ignored="0" total="4" passed="4" failed="0" skipped="0">
  <reporter-output>
  </reporter-output>
  <suite started-at="2024-12-05T07:28:09 UTC" name="Suite" finished-at="2024-12-05T07:28:15 UTC" duration-ms="5680">
    <groups>
    </groups>
    <test started-at="2024-12-05T07:28:09 UTC" name="Test" finished-at="2024-12-05T07:28:15 UTC" duration-ms="5680">
      <class name="api_tests.userTests_forPropertyfile">
        <test-method is-config="true" signature="setup()[pri:0, instance:api_tests.userTests_forPropertyfile@4d5650ae]" started-at="2024-12-05T07:28:09 UTC" name="setup" finished-at="2024-12-05T07:28:10 UTC" duration-ms="390" status="PASS">
          <reporter-output>
          </reporter-output>
        </test-method> <!-- setup -->
        <test-method signature="testUser()[pri:1, instance:api_tests.userTests_forPropertyfile@4d5650ae]" started-at="2024-12-05T07:28:10 UTC" name="testUser" finished-at="2024-12-05T07:28:13 UTC" duration-ms="3691" status="PASS">
          <reporter-output>
          </reporter-output>
        </test-method> <!-- testUser -->
        <test-method signature="testGetUserByName()[pri:2, instance:api_tests.userTests_forPropertyfile@4d5650ae]" started-at="2024-12-05T07:28:13 UTC" name="testGetUserByName" finished-at="2024-12-05T07:28:14 UTC" duration-ms="415" status="PASS">
          <reporter-output>
          </reporter-output>
        </test-method> <!-- testGetUserByName -->
        <test-method signature="testputUser()[pri:3, instance:api_tests.userTests_forPropertyfile@4d5650ae]" started-at="2024-12-05T07:28:14 UTC" name="testputUser" finished-at="2024-12-05T07:28:14 UTC" duration-ms="748" status="PASS">
          <reporter-output>
          </reporter-output>
        </test-method> <!-- testputUser -->
        <test-method signature="testdeletebyUser()[pri:4, instance:api_tests.userTests_forPropertyfile@4d5650ae]" started-at="2024-12-05T07:28:14 UTC" name="testdeletebyUser" finished-at="2024-12-05T07:28:15 UTC" duration-ms="372" status="PASS">
          <reporter-output>
          </reporter-output>
        </test-method> <!-- testdeletebyUser -->
      </class> <!-- api_tests.userTests_forPropertyfile -->
    </test> <!-- Test -->
  </suite> <!-- Suite -->
</testng-results>
